d:\sfmlproject\theultimatemageultrasuperlastguy\theultimatemageultrasuperlastguy\theultimatemageultrasuperlastguy\debug\vc142.pdb
d:\sfmlproject\theultimatemageultrasuperlastguy\theultimatemageultrasuperlastguy\theultimatemageultrasuperlastguy\debug\vc142.idb
d:\sfmlproject\theultimatemageultrasuperlastguy\theultimatemageultrasuperlastguy\theultimatemageultrasuperlastguy\debug\player.obj
d:\sfmlproject\theultimatemageultrasuperlastguy\theultimatemageultrasuperlastguy\theultimatemageultrasuperlastguy\debug\main.obj
d:\sfmlproject\theultimatemageultrasuperlastguy\theultimatemageultrasuperlastguy\theultimatemageultrasuperlastguy\debug\infected.obj
d:\sfmlproject\theultimatemageultrasuperlastguy\theultimatemageultrasuperlastguy\theultimatemageultrasuperlastguy\debug\createbackground.obj
d:\sfmlproject\theultimatemageultrasuperlastguy\theultimatemageultrasuperlastguy\theultimatemageultrasuperlastguy\debug\debug.obj
d:\sfmlproject\theultimatemageultrasuperlastguy\theultimatemageultrasuperlastguy\theultimatemageultrasuperlastguy\debug\textureholder.obj
d:\sfmlproject\theultimatemageultrasuperlastguy\theultimatemageultrasuperlastguy\theultimatemageultrasuperlastguy\debug\spawner.obj
d:\sfmlproject\theultimatemageultrasuperlastguy\theultimatemageultrasuperlastguy\theultimatemageultrasuperlastguy\debug\tank.obj
d:\sfmlproject\theultimatemageultrasuperlastguy\theultimatemageultrasuperlastguy\theultimatemageultrasuperlastguy\debug\bullet.obj
d:\sfmlproject\theultimatemageultrasuperlastguy\theultimatemageultrasuperlastguy\theultimatemageultrasuperlastguy\debug\item.obj
d:\sfmlproject\theultimatemageultrasuperlastguy\theultimatemageultrasuperlastguy\theultimatemageultrasuperlastguy\debug\menu.obj
d:\sfmlproject\theultimatemageultrasuperlastguy\theultimatemageultrasuperlastguy\debug\theultimatemageultrasuperlastguy.exe
d:\sfmlproject\theultimatemageultrasuperlastguy\theultimatemageultrasuperlastguy\theultimatemageultrasuperlastguy\debug\theultimatemageultrasuperlastguy.ilk
d:\sfmlproject\theultimatemageultrasuperlastguy\theultimatemageultrasuperlastguy\debug\theultimatemageultrasuperlastguy.pdb
d:\sfmlproject\theultimatemageultrasuperlastguy\theultimatemageultrasuperlastguy\theultimatemageultrasuperlastguy\debug\main.obj.enc
d:\sfmlproject\theultimatemageultrasuperlastguy\theultimatemageultrasuperlastguy\theultimatemageultrasuperlastguy\debug\player.obj.enc
d:\sfmlproject\theultimatemageultrasuperlastguy\theultimatemageultrasuperlastguy\theultimatemageultrasuperlastguy\debug\theultim.11485ae6.tlog\cl.command.1.tlog
d:\sfmlproject\theultimatemageultrasuperlastguy\theultimatemageultrasuperlastguy\theultimatemageultrasuperlastguy\debug\theultim.11485ae6.tlog\cl.read.1.tlog
d:\sfmlproject\theultimatemageultrasuperlastguy\theultimatemageultrasuperlastguy\theultimatemageultrasuperlastguy\debug\theultim.11485ae6.tlog\cl.write.1.tlog
d:\sfmlproject\theultimatemageultrasuperlastguy\theultimatemageultrasuperlastguy\theultimatemageultrasuperlastguy\debug\theultim.11485ae6.tlog\link.command.1.tlog
d:\sfmlproject\theultimatemageultrasuperlastguy\theultimatemageultrasuperlastguy\theultimatemageultrasuperlastguy\debug\theultim.11485ae6.tlog\link.read.1.tlog
d:\sfmlproject\theultimatemageultrasuperlastguy\theultimatemageultrasuperlastguy\theultimatemageultrasuperlastguy\debug\theultim.11485ae6.tlog\link.write.1.tlog
